d:\program files\pgrouting-2.6.1\pg_dfs\x64\debug\vc141.pdb
d:\program files\pgrouting-2.6.1\pg_dfs\x64\debug\vc141.idb
d:\program files\pgrouting-2.6.1\pg_dfs\x64\debug\pg_test.obj
d:\program files\pgrouting-2.6.1\pg_dfs\x64\debug\pgtest_driver.obj
d:\program files\pgrouting-2.6.1\build\x64\debug\pg_dfs.lib
d:\program files\pgrouting-2.6.1\build\x64\debug\pg_dfs.dll
d:\program files\pgrouting-2.6.1\build\x64\debug\pg_dfs.ilk
d:\program files\pgrouting-2.6.1\build\x64\debug\pg_dfs.pdb
d:\program files\pgrouting-2.6.1\build\x64\debug\libpg_test-1.0.lib
d:\program files\pgrouting-2.6.1\build\x64\debug\libpg_test-1.0.exp
d:\program files\pgrouting-2.6.1\build\x64\debug\pg_dfs.exp
d:\program files\pgrouting-2.6.1\pg_dfs\x64\debug\bfs.obj
d:\program files\pgrouting-2.6.1\pg_dfs\x64\debug\graph_represent.obj
d:\program files\pgrouting-2.6.1\pg_dfs\x64\debug\queuey.obj
d:\program files\pgrouting-2.6.1\pg_dfs\x64\debug\test14.obj
d:\program files\pgrouting-2.6.1\pg_dfs\x64\debug\pg_dfs.idb
d:\program files\pgrouting-2.6.1\pg_dfs\x64\debug\pg_dfs.pdb
d:\program files\pgrouting-2.6.1\pg_dfs\x64\debug\pg_dfs.tlog\cl.command.1.tlog
d:\program files\pgrouting-2.6.1\pg_dfs\x64\debug\pg_dfs.tlog\cl.read.1.tlog
d:\program files\pgrouting-2.6.1\pg_dfs\x64\debug\pg_dfs.tlog\cl.write.1.tlog
d:\program files\pgrouting-2.6.1\pg_dfs\x64\debug\pg_dfs.tlog\lib-link.read.1.tlog
d:\program files\pgrouting-2.6.1\pg_dfs\x64\debug\pg_dfs.tlog\lib-link.write.1.tlog
d:\program files\pgrouting-2.6.1\pg_dfs\x64\debug\pg_dfs.tlog\lib.command.1.tlog
d:\program files\pgrouting-2.6.1\pg_dfs\x64\debug\pg_dfs.tlog\link.78160.delete.1.tlog
d:\program files\pgrouting-2.6.1\pg_dfs\x64\debug\pg_dfs.tlog\link.78320.delete.1.tlog
d:\program files\pgrouting-2.6.1\pg_dfs\x64\debug\pg_dfs.tlog\link.80120.delete.1.tlog
d:\program files\pgrouting-2.6.1\pg_dfs\x64\debug\pg_dfs.tlog\link.80260.delete.1.tlog
d:\program files\pgrouting-2.6.1\pg_dfs\x64\debug\pg_dfs.tlog\link.80872.delete.1.tlog
d:\program files\pgrouting-2.6.1\pg_dfs\x64\debug\pg_dfs.tlog\link.81264.delete.1.tlog
d:\program files\pgrouting-2.6.1\pg_dfs\x64\debug\pg_dfs.tlog\link.command.1.tlog
d:\program files\pgrouting-2.6.1\pg_dfs\x64\debug\pg_dfs.tlog\link.delete.1.tlog
d:\program files\pgrouting-2.6.1\pg_dfs\x64\debug\pg_dfs.tlog\link.read.1.tlog
d:\program files\pgrouting-2.6.1\pg_dfs\x64\debug\pg_dfs.tlog\link.write.1.tlog
d:\program files\pgrouting-2.6.1\pg_dfs\x64\debug\pg_dfs.tlog\pg_dfs.write.1u.tlog
